<?xml version="1.0" encoding="UTF-8"?>
<testsuite name="ericsson.core.nrf.dbproxy.helper.nfprofile.NFProfilePutHelperTest" tests="2" skipped="0" failures="0" errors="0" timestamp="2019-09-02T07:45:33" hostname="c3b6544a0f6e" time="0.009">
  <properties/>
  <testcase name="createResponseTest" classname="ericsson.core.nrf.dbproxy.helper.nfprofile.NFProfilePutHelperTest" time="0.004"/>
  <testcase name="validateTest" classname="ericsson.core.nrf.dbproxy.helper.nfprofile.NFProfilePutHelperTest" time="0.005"/>
  <system-out><![CDATA[[error 2019/09/02 07:45:34.004 UTC <Test worker> tid=0xc] nf_instance_id field is empty in NFProfilePutRequest

[error 2019/09/02 07:45:34.004 UTC <Test worker> tid=0xc] nf_instance_id length 1025 is too large, max length is 1024

[error 2019/09/02 07:45:34.005 UTC <Test worker> tid=0xc] nfProfile field is empty in NFProfilePutRequest

]]></system-out>
  <system-err><![CDATA[]]></system-err>
</testsuite>
