<?xml version="1.0" encoding="UTF-8"?>
<testsuite name="ericsson.core.nrf.dbproxy.helper.nfprofile.NFProfileCountGetHelperTest" tests="2" skipped="0" failures="0" errors="0" timestamp="2019-09-02T07:45:34" hostname="c3b6544a0f6e" time="0.021">
  <properties/>
  <testcase name="createResponseTest" classname="ericsson.core.nrf.dbproxy.helper.nfprofile.NFProfileCountGetHelperTest" time="0.004"/>
  <testcase name="validateTest" classname="ericsson.core.nrf.dbproxy.helper.nfprofile.NFProfileCountGetHelperTest" time="0.016"/>
  <system-out><![CDATA[[error 2019/09/02 07:45:34.046 UTC <Test worker> tid=0xc] Empty NFProfileCountGetRequest is received

]]></system-out>
  <system-err><![CDATA[]]></system-err>
</testsuite>
