<?xml version="1.0" encoding="UTF-8"?>
<testsuite name="ericsson.core.nrf.dbproxy.helper.gpsiprefixprofile.GpsiprefixProfileGetHelperTest" tests="2" skipped="0" failures="0" errors="0" timestamp="2019-09-02T07:45:34" hostname="c3b6544a0f6e" time="0.009">
  <properties/>
  <testcase name="createResponseTest" classname="ericsson.core.nrf.dbproxy.helper.gpsiprefixprofile.GpsiprefixProfileGetHelperTest" time="0.005"/>
  <testcase name="validateTest" classname="ericsson.core.nrf.dbproxy.helper.gpsiprefixprofile.GpsiprefixProfileGetHelperTest" time="0.003"/>
  <system-out><![CDATA[[error 2019/09/02 07:45:34.087 UTC <Test worker> tid=0xc] value 0 searchGpsi is set in GpsiperfixProfileGetRequest

[error 2019/09/02 07:45:34.088 UTC <Test worker> tid=0xc] SEARCH_GPSI_MAX_VALUE searchGpsi is set in GpsiperfixProfileGetRequest

]]></system-out>
  <system-err><![CDATA[]]></system-err>
</testsuite>
