<?xml version="1.0" encoding="UTF-8"?>
<testsuite name="ericsson.core.nrf.dbproxy.helper.nrfprofile.NRFProfileGetHelperTest" tests="2" skipped="0" failures="0" errors="0" timestamp="2019-09-02T07:45:33" hostname="c3b6544a0f6e" time="0.211">
  <properties/>
  <testcase name="createResponseTest" classname="ericsson.core.nrf.dbproxy.helper.nrfprofile.NRFProfileGetHelperTest" time="0.126"/>
  <testcase name="validateTest" classname="ericsson.core.nrf.dbproxy.helper.nrfprofile.NRFProfileGetHelperTest" time="0.084"/>
  <system-out><![CDATA[[error 2019/09/02 07:45:33.682 UTC <Test worker> tid=0xc] Empty nrfInstanceId is set in NRFProfileGetRequest

[error 2019/09/02 07:45:33.701 UTC <Test worker> tid=0xc] nrfInstanceId length 1025 is too large, max length is 1024

[error 2019/09/02 07:45:33.702 UTC <Test worker> tid=0xc] Empty fragmentSessionId is set in NRFProfileGetRequest

[error 2019/09/02 07:45:33.703 UTC <Test worker> tid=0xc] Empty NRFProfileGetRequest is received

]]></system-out>
  <system-err><![CDATA[]]></system-err>
</testsuite>
