<?xml version="1.0" encoding="UTF-8"?>
<testsuite name="ericsson.core.nrf.dbproxy.helper.groupprofile.GroupProfilePutHelperTest" tests="2" skipped="0" failures="0" errors="0" timestamp="2019-09-02T07:45:33" hostname="c3b6544a0f6e" time="0.018">
  <properties/>
  <testcase name="createResponseTest" classname="ericsson.core.nrf.dbproxy.helper.groupprofile.GroupProfilePutHelperTest" time="0.003"/>
  <testcase name="validateTest" classname="ericsson.core.nrf.dbproxy.helper.groupprofile.GroupProfilePutHelperTest" time="0.015"/>
  <system-out><![CDATA[[error 2019/09/02 07:45:33.846 UTC <Test worker> tid=0xc] groupProfileId field is empty in GroupProfilePutRequest

[error 2019/09/02 07:45:33.846 UTC <Test worker> tid=0xc] groupProfileId length 1025 is too large, max length is 1024

[error 2019/09/02 07:45:33.847 UTC <Test worker> tid=0xc] groupProfileData field is empty in GroupProfilePutRequest

[error 2019/09/02 07:45:33.849 UTC <Test worker> tid=0xc] profileType is not PROFILE_TYPE_GROUPID or PROFILE_TYPE_INSTANCEID.

]]></system-out>
  <system-err><![CDATA[]]></system-err>
</testsuite>
